<?xml version="1.0" encoding="UTF-8"?>
<testsuite xmlns:xsi="http://www.w3.org/2001/XMLSchema-instance" xsi:noNamespaceSchemaLocation="https://maven.apache.org/surefire/maven-surefire-plugin/xsd/surefire-test-report-3.0.xsd" version="3.0" name="com.project.veterinaria.VeterinariaApplicationTests" time="3.341" tests="1" errors="0" skipped="0" failures="0">
  <properties>
[...]
</properties>
  <testcase name="contextLoads" classname="com.project.veterinaria.VeterinariaApplicationTests" time="1.13">
    <system-out><![CDATA[23:49:34.564 [main] INFO org.springframework.test.context.support.AnnotationConfigContextLoaderUtils -- Could not detect default configuration classes for test class [com.project.veterinaria.VeterinariaApplicationTests]: VeterinariaApplicationTests does not declare any static, non-private, non-final, nested classes annotated with @Configuration.
23:49:34.677 [main] INFO org.springframework.boot.test.context.SpringBootTestContextBootstrapper -- Found @SpringBootConfiguration com.project.veterinaria.VeterinariaApplication for test class com.project.veterinaria.VeterinariaApplicationTests

  .   ____          _            __ _ _
 /\\ / ___'_ __ _ _(_)_ __  __ _ \ \ \ \
( ( )\___ | '_ | '_| | '_ \/ _` | \ \ \ \
 \\/  ___)| |_)| | | | | || (_| |  ) ) ) )
  '  |____| .__|_| |_|_| |_\__, | / / / /
 =========|_|==============|___/=/_/_/_/
 :: Spring Boot ::                (v3.1.2)

2023-08-02T23:49:35.178-06:00  INFO 14032 --- [           main] c.p.v.VeterinariaApplicationTests        : Starting VeterinariaApplicationTests using Java 17.0.7 with PID 14032 (started by churc in C:\Users\churc\Documents\cursoSpring\workspace\veterinaria)
2023-08-02T23:49:35.180-06:00  INFO 14032 --- [           main] c.p.v.VeterinariaApplicationTests        : No active profile set, falling back to 1 default profile: "default"
2023-08-02T23:49:36.514-06:00  INFO 14032 --- [           main] c.p.v.VeterinariaApplicationTests        : Started VeterinariaApplicationTests in 1.665 seconds (process running for 3.054)
]]></system-out>
  </testcase>
</testsuite>